v ATLAS
# This file was created by ATLAS version 5.28.1.R on Wed Mar 30 17:08:43 2022.
#SSF 2.0 generic
##############################################################################
#                    Copyright (c) 1984 - 2019                               #
#                    Silvaco Inc. All rights reserved                        #
#                                                                            #
# This file format and the following Key are copyright Silvaco Inc.          #
# You may not use, this format or key without reproducing this message in    #
# full and obtaining express written permission from Silvaco Inc.            #
#                                                                            #
# To obtain such permission please contact: Silvaco Inc.                     #
#                                           support@silvaco.com              #
#                                                                            #
# KEY=SVC86hn7562asdx                       PROD=345                         #
##############################################################################
y 3 700 711 15
z 0.022 0.00499999 300
f 3 "gate" "source" "drain" 
p 11 2 601 20 3 602 21 4 603 22 2229 1045000 
d 0.000000000e+000 0.000000000e+000 0.000000000e+000 0.000000000e+000 0.000000000e+000 4.187152692e-004 -9.000000000e-001 -9.000000000e-001 -4.187152692e-004 0.000000000e+000 0.000000000e+000 
d 0.000000000e+000 0.000000000e+000 0.000000000e+000 0.000000000e+000 0.000000000e+000 9.365979093e-004 -1.700000000e+000 -1.700000000e+000 -9.365979093e-004 9.221681869e-016 9.221681869e-016 
d 0.000000000e+000 0.000000000e+000 0.000000000e+000 0.000000000e+000 0.000000000e+000 2.054746694e-003 -3.300000000e+000 -3.300000000e+000 -2.054746694e-003 1.827152423e-015 1.827152423e-015 
d -1.000000000e-001 -1.000000000e-001 0.000000000e+000 0.000000000e+000 0.000000000e+000 2.102946273e-003 -3.300000000e+000 -3.300000000e+000 -2.102946273e-003 3.129122541e-016 3.129122541e-016 
d -2.000000000e-001 -2.000000000e-001 0.000000000e+000 0.000000000e+000 0.000000000e+000 2.152151379e-003 -3.300000000e+000 -3.300000000e+000 -2.152151379e-003 3.140801682e-016 3.140801682e-016 
d -3.000000000e-001 -3.000000000e-001 0.000000000e+000 0.000000000e+000 0.000000000e+000 2.202315231e-003 -3.300000000e+000 -3.300000000e+000 -2.202315231e-003 3.155811242e-016 3.155811242e-016 
d -4.000000000e-001 -4.000000000e-001 0.000000000e+000 0.000000000e+000 0.000000000e+000 2.252461575e-003 -3.300000000e+000 -3.300000000e+000 -2.252461575e-003 3.189330163e-016 3.189330163e-016 
d -5.000000000e-001 -5.000000000e-001 0.000000000e+000 0.000000000e+000 0.000000000e+000 2.308077192e-003 -3.300000000e+000 -3.300000000e+000 -2.308077192e-003 3.332005898e-016 3.332005898e-016 
d -6.000000000e-001 -6.000000000e-001 0.000000000e+000 0.000000000e+000 0.000000000e+000 2.375573065e-003 -3.300000000e+000 -3.300000000e+000 -2.375573065e-003 3.632029308e-016 3.632029308e-016 
d -7.000000000e-001 -7.000000000e-001 0.000000000e+000 0.000000000e+000 0.000000000e+000 2.456893956e-003 -3.300000000e+000 -3.300000000e+000 -2.456893956e-003 3.942362482e-016 3.942362482e-016 
d -8.000000000e-001 -8.000000000e-001 0.000000000e+000 0.000000000e+000 0.000000000e+000 2.549802021e-003 -3.300000000e+000 -3.300000000e+000 -2.549802021e-003 4.174285725e-016 4.174285725e-016 
d -9.000000000e-001 -9.000000000e-001 0.000000000e+000 0.000000000e+000 0.000000000e+000 2.651982773e-003 -3.300000000e+000 -3.300000000e+000 -2.651982773e-003 4.360074607e-016 4.360074607e-016 
d -1.000000000e+000 -1.000000000e+000 0.000000000e+000 0.000000000e+000 0.000000000e+000 2.757191496e-003 -3.300000000e+000 -3.300000000e+000 -2.757191496e-003 4.501929988e-016 4.501929988e-016 
d -1.100000000e+000 -1.100000000e+000 0.000000000e+000 0.000000000e+000 0.000000000e+000 2.864879733e-003 -3.300000000e+000 -3.300000000e+000 -2.864879733e-003 4.653156333e-016 4.653156333e-016 
d -1.200000000e+000 -1.200000000e+000 0.000000000e+000 0.000000000e+000 0.000000000e+000 2.977781860e-003 -3.300000000e+000 -3.300000000e+000 -2.977781860e-003 4.824589392e-016 4.824589392e-016 
d -1.300000000e+000 -1.300000000e+000 0.000000000e+000 0.000000000e+000 0.000000000e+000 3.094815621e-003 -3.300000000e+000 -3.300000000e+000 -3.094815620e-003 4.963977573e-016 4.963977573e-016 
d -1.400000000e+000 -1.400000000e+000 0.000000000e+000 0.000000000e+000 0.000000000e+000 3.215293323e-003 -3.300000000e+000 -3.300000000e+000 -3.215293323e-003 5.067921574e-016 5.067921574e-016 
d -1.500000000e+000 -1.500000000e+000 0.000000000e+000 0.000000000e+000 0.000000000e+000 3.336739360e-003 -3.300000000e+000 -3.300000000e+000 -3.336739360e-003 5.153140326e-016 5.153140326e-016 
d -1.600000000e+000 -1.600000000e+000 0.000000000e+000 0.000000000e+000 0.000000000e+000 3.456325637e-003 -3.300000000e+000 -3.300000000e+000 -3.456325637e-003 5.211415458e-016 5.211415458e-016 
d -1.700000000e+000 -1.700000000e+000 0.000000000e+000 0.000000000e+000 0.000000000e+000 3.577910270e-003 -3.300000000e+000 -3.300000000e+000 -3.577910270e-003 5.242640056e-016 5.242640056e-016 
d -1.800000000e+000 -1.800000000e+000 0.000000000e+000 0.000000000e+000 0.000000000e+000 3.698149809e-003 -3.300000000e+000 -3.300000000e+000 -3.698149809e-003 5.220556112e-016 5.220556112e-016 
d -1.900000000e+000 -1.900000000e+000 0.000000000e+000 0.000000000e+000 0.000000000e+000 3.819385539e-003 -3.300000000e+000 -3.300000000e+000 -3.819385539e-003 5.239753471e-016 5.239753471e-016 
d -2.000000000e+000 -2.000000000e+000 0.000000000e+000 0.000000000e+000 0.000000000e+000 3.941514976e-003 -3.300000000e+000 -3.300000000e+000 -3.941514976e-003 5.258348389e-016 5.258348389e-016 
d -2.100000000e+000 -2.100000000e+000 0.000000000e+000 0.000000000e+000 0.000000000e+000 4.064408715e-003 -3.300000000e+000 -3.300000000e+000 -4.064408715e-003 5.275222331e-016 5.275222331e-016 
d -2.200000000e+000 -2.200000000e+000 0.000000000e+000 0.000000000e+000 0.000000000e+000 4.187957896e-003 -3.300000000e+000 -3.300000000e+000 -4.187957896e-003 5.290670203e-016 5.290670203e-016 
d -2.300000000e+000 -2.300000000e+000 0.000000000e+000 0.000000000e+000 0.000000000e+000 4.312069652e-003 -3.300000000e+000 -3.300000000e+000 -4.312069652e-003 5.304747186e-016 5.304747186e-016 
d -2.400000000e+000 -2.400000000e+000 0.000000000e+000 0.000000000e+000 0.000000000e+000 4.436658451e-003 -3.300000000e+000 -3.300000000e+000 -4.436658451e-003 5.317387857e-016 5.317387857e-016 
d -2.500000000e+000 -2.500000000e+000 0.000000000e+000 0.000000000e+000 0.000000000e+000 4.561643664e-003 -3.300000000e+000 -3.300000000e+000 -4.561643664e-003 5.328457802e-016 5.328457802e-016 
d -2.600000000e+000 -2.600000000e+000 0.000000000e+000 0.000000000e+000 0.000000000e+000 4.686954335e-003 -3.300000000e+000 -3.300000000e+000 -4.686954335e-003 5.337803657e-016 5.337803657e-016 
d -2.700000000e+000 -2.700000000e+000 0.000000000e+000 0.000000000e+000 0.000000000e+000 4.812524261e-003 -3.300000000e+000 -3.300000000e+000 -4.812524261e-003 5.345349662e-016 5.345349662e-016 
d -2.800000000e+000 -2.800000000e+000 0.000000000e+000 0.000000000e+000 0.000000000e+000 4.938296331e-003 -3.300000000e+000 -3.300000000e+000 -4.938296331e-003 5.351022788e-016 5.351022788e-016 
d -2.900000000e+000 -2.900000000e+000 0.000000000e+000 0.000000000e+000 0.000000000e+000 5.064221672e-003 -3.300000000e+000 -3.300000000e+000 -5.064221672e-003 5.354812930e-016 5.354812930e-016 
d -3.000000000e+000 -3.000000000e+000 0.000000000e+000 0.000000000e+000 0.000000000e+000 5.190261938e-003 -3.300000000e+000 -3.300000000e+000 -5.190261938e-003 5.356791692e-016 5.356791692e-016 
